<?xml version="1.0" encoding="UTF-8"?>
<!-- Generated by org.testng.reporters.JUnitReportReporter -->
<testsuite skipped="0" hostname="LMCTAG039" name="com.vGive.testcases.HelpRaiseFundsForTheCharityOfYourChoicePageTest$LoginPageTest" tests="1" failures="0" timestamp="2022-08-03T11:46:30 IST" time="14.534" errors="0">
  <testcase name="login1" time="14.534" classname="com.vGive.testcases.HelpRaiseFundsForTheCharityOfYourChoicePageTest$LoginPageTest"/>
  <system-out/>
</testsuite> <!-- com.vGive.testcases.HelpRaiseFundsForTheCharityOfYourChoicePageTest$LoginPageTest -->
