<?xml version="1.0" encoding="UTF-8"?>
<!-- Generated by org.testng.reporters.JUnitReportReporter -->
<testsuite skipped="0" hostname="LMCTAG039" name="com.vGive.testcases.CreateYourProfilePageTest" tests="1" failures="0" timestamp="2022-08-05T13:34:20 IST" time="17.429" errors="0">
  <testcase name="Registernow" time="17.429" classname="com.vGive.testcases.CreateYourProfilePageTest"/>
  <system-out/>
</testsuite> <!-- com.vGive.testcases.CreateYourProfilePageTest -->
