<?xml version="1.0" encoding="UTF-8"?>
<!-- Generated by org.testng.reporters.JUnitReportReporter -->
<testsuite skipped="0" hostname="LMCTAG039" name="com.vGive.testcases.LoginPageTest" tests="3" failures="0" timestamp="2022-08-03T18:24:31 IST" time="23.711" errors="0">
  <testcase name="login1" time="6.805" classname="com.vGive.testcases.LoginPageTest"/>
  <system-out/>
  <testcase name="login2" time="8.366" classname="com.vGive.testcases.LoginPageTest"/>
  <system-out/>
  <testcase name="login3" time="8.540" classname="com.vGive.testcases.LoginPageTest"/>
  <system-out/>
</testsuite> <!-- com.vGive.testcases.LoginPageTest -->
