<?xml version="1.0" encoding="UTF-8"?>
<!-- Generated by org.testng.reporters.JUnitReportReporter -->
<testsuite skipped="0" hostname="LMCTAG039" name="com.vGive.testcases.CreateFundraiseForYourCharityPageTest" tests="1" failures="0" timestamp="2022-08-03T11:54:50 IST" time="24.025" errors="0">
  <testcase name="login1" time="24.025" classname="com.vGive.testcases.CreateFundraiseForYourCharityPageTest"/>
  <system-out/>
</testsuite> <!-- com.vGive.testcases.CreateFundraiseForYourCharityPageTest -->
