<?xml version="1.0" encoding="UTF-8"?>
<!-- Generated by org.testng.reporters.JUnitReportReporter -->
<testsuite skipped="0" hostname="LMCTAG039" name="com.vGive.testcases.OnboardYourCharityPageTest" tests="1" failures="0" timestamp="2022-08-05T10:21:46 IST" time="22.009" errors="0">
  <testcase name="Registernow" time="22.009" classname="com.vGive.testcases.OnboardYourCharityPageTest"/>
  <system-out/>
</testsuite> <!-- com.vGive.testcases.OnboardYourCharityPageTest -->
