<?xml version="1.0" encoding="UTF-8"?>
<!-- Generated by org.testng.reporters.JUnitReportReporter -->
<testsuite skipped="0" hostname="LMCTAG039" name="com.vGive.testcases.StartANewFundraiserPageTest" tests="1" failures="0" timestamp="2022-08-02T16:01:05 IST" time="6.839" errors="0">
  <testcase name="verifyLogo" time="6.839" classname="com.vGive.testcases.StartANewFundraiserPageTest"/>
  <system-out/>
</testsuite> <!-- com.vGive.testcases.StartANewFundraiserPageTest -->
