<?xml version="1.0" encoding="UTF-8"?>
<!-- Generated by org.testng.reporters.JUnitReportReporter -->
<testsuite skipped="0" hostname="LMCTAG039" name="com.vGive.testcases.LogoutPageTest" tests="3" failures="0" timestamp="2022-07-28T11:56:14 IST" time="36.463" errors="0">
  <testcase name="logout" time="11.481" classname="com.vGive.testcases.LogoutPageTest"/>
  <system-out/>
  <testcase name="logout1" time="11.258" classname="com.vGive.testcases.LogoutPageTest"/>
  <system-out/>
  <testcase name="logout2" time="13.724" classname="com.vGive.testcases.LogoutPageTest"/>
  <system-out/>
</testsuite> <!-- com.vGive.testcases.LogoutPageTest -->
