<?xml version="1.0" encoding="UTF-8"?>
<!-- Generated by org.testng.reporters.JUnitReportReporter -->
<testsuite skipped="0" hostname="LMCTAG039" name="com.vGive.testcases.RegisterNowLinkPageTest" tests="1" failures="0" timestamp="2022-08-03T11:30:13 IST" time="8.375" errors="0">
  <testcase name="clickOnRegisterNowLinkFromCreateNewFundraiser" time="8.375" classname="com.vGive.testcases.RegisterNowLinkPageTest"/>
  <system-out/>
</testsuite> <!-- com.vGive.testcases.RegisterNowLinkPageTest -->
