<?xml version="1.0" encoding="UTF-8"?>
<!-- Generated by org.testng.reporters.JUnitReportReporter -->
<testsuite skipped="0" hostname="LMCTAG039" name="com.vGive.testcases.ThankYouForYourGiftTest" tests="1" failures="0" timestamp="2022-08-04T18:21:25 IST" time="16.876" errors="0">
  <testcase name="TypeEmailId" time="16.876" classname="com.vGive.testcases.ThankYouForYourGiftTest"/>
  <system-out/>
</testsuite> <!-- com.vGive.testcases.ThankYouForYourGiftTest -->
