<?xml version="1.0" encoding="UTF-8"?>
<!-- Generated by org.testng.reporters.JUnitReportReporter -->
<testsuite skipped="0" hostname="LMCTAG039" name="com.vGive.testcases.ThanksForInitiatingDonationPageTest" tests="1" failures="0" timestamp="2022-08-04T17:25:48 IST" time="13.400" errors="0">
  <testcase name="thanksForInitiating" time="13.400" classname="com.vGive.testcases.ThanksForInitiatingDonationPageTest"/>
  <system-out/>
</testsuite> <!-- com.vGive.testcases.ThanksForInitiatingDonationPageTest -->
