<?xml version="1.0" encoding="UTF-8"?>
<!-- Generated by org.testng.reporters.JUnitReportReporter -->
<testsuite skipped="0" hostname="LMCTAG039" name="com.vGive.testcases.HomePageTest" tests="3" failures="0" timestamp="2022-08-04T15:04:10 IST" time="20.766" errors="0">
  <testcase name="clickOnDonateNow" time="7.634" classname="com.vGive.testcases.HomePageTest"/>
  <system-out/>
  <testcase name="verifyLogo" time="6.075" classname="com.vGive.testcases.HomePageTest"/>
  <system-out/>
  <testcase name="verifyTitle" time="7.057" classname="com.vGive.testcases.HomePageTest"/>
  <system-out/>
</testsuite> <!-- com.vGive.testcases.HomePageTest -->
